{
  "/Users/matthewbengston/source/repos/rollup-plugin-copy-assets/src/index.js": {
    "path": "/Users/matthewbengston/source/repos/rollup-plugin-copy-assets/src/index.js",
    "statementMap": {
      "0": {
        "start": { "line": 13, "column": 21 },
        "end": { "line": 13, "column": 28 }
      },
      "1": {
        "start": { "line": 14, "column": 16 },
        "end": { "line": 14, "column": 18 }
      },
      "2": {
        "start": { "line": 15, "column": 2 },
        "end": { "line": 52, "column": 4 }
      },
      "3": {
        "start": { "line": 19, "column": 6 },
        "end": { "line": 19, "column": 36 }
      },
      "4": {
        "start": { "line": 22, "column": 30 },
        "end": { "line": 22, "column": 55 }
      },
      "5": {
        "start": { "line": 23, "column": 6 },
        "end": { "line": 50, "column": 8 }
      },
      "6": {
        "start": { "line": 25, "column": 10 },
        "end": { "line": 48, "column": 11 }
      },
      "7": {
        "start": { "line": 26, "column": 27 },
        "end": { "line": 26, "column": 75 }
      },
      "8": {
        "start": { "line": 27, "column": 40 },
        "end": { "line": 27, "column": 70 }
      },
      "9": {
        "start": { "line": 28, "column": 30 },
        "end": { "line": 31, "column": 13 }
      },
      "10": {
        "start": { "line": 32, "column": 32 },
        "end": { "line": 32, "column": 59 }
      },
      "11": {
        "start": { "line": 33, "column": 33 },
        "end": { "line": 33, "column": 60 }
      },
      "12": {
        "start": { "line": 34, "column": 12 },
        "end": { "line": 41, "column": 13 }
      },
      "13": {
        "start": { "line": 35, "column": 14 },
        "end": { "line": 35, "column": 58 }
      },
      "14": {
        "start": { "line": 35, "column": 32 },
        "end": { "line": 35, "column": 58 }
      },
      "15": {
        "start": { "line": 37, "column": 14 },
        "end": { "line": 40, "column": 15 }
      },
      "16": {
        "start": { "line": 38, "column": 16 },
        "end": { "line": 38, "column": 54 }
      },
      "17": {
        "start": { "line": 39, "column": 16 },
        "end": { "line": 39, "column": 40 }
      },
      "18": {
        "start": { "line": 42, "column": 12 },
        "end": { "line": 45, "column": 15 }
      },
      "19": {
        "start": { "line": 47, "column": 12 },
        "end": { "line": 47, "column": 75 }
      }
    },
    "fnMap": {
      "0": {
        "name": "copy",
        "decl": {
          "start": { "line": 12, "column": 24 },
          "end": { "line": 12, "column": 28 }
        },
        "loc": {
          "start": { "line": 12, "column": 55 },
          "end": { "line": 53, "column": 1 }
        },
        "line": 12
      },
      "1": {
        "name": "(anonymous_1)",
        "decl": {
          "start": { "line": 17, "column": 4 },
          "end": { "line": 17, "column": 5 }
        },
        "loc": {
          "start": { "line": 17, "column": 23 },
          "end": { "line": 20, "column": 5 }
        },
        "line": 17
      },
      "2": {
        "name": "(anonymous_2)",
        "decl": {
          "start": { "line": 21, "column": 4 },
          "end": { "line": 21, "column": 5 }
        },
        "loc": {
          "start": { "line": 21, "column": 40 },
          "end": { "line": 51, "column": 5 }
        },
        "line": 21
      },
      "3": {
        "name": "(anonymous_3)",
        "decl": {
          "start": { "line": 24, "column": 19 },
          "end": { "line": 24, "column": 20 }
        },
        "loc": {
          "start": { "line": 24, "column": 34 },
          "end": { "line": 49, "column": 9 }
        },
        "line": 24
      }
    },
    "branchMap": {
      "0": {
        "loc": {
          "start": { "line": 12, "column": 29 },
          "end": { "line": 12, "column": 53 }
        },
        "type": "default-arg",
        "locations": [
          {
            "start": { "line": 12, "column": 39 },
            "end": { "line": 12, "column": 53 }
          }
        ],
        "line": 12
      },
      "1": {
        "loc": {
          "start": { "line": 22, "column": 30 },
          "end": { "line": 22, "column": 55 }
        },
        "type": "binary-expr",
        "locations": [
          {
            "start": { "line": 22, "column": 30 },
            "end": { "line": 22, "column": 33 }
          },
          {
            "start": { "line": 22, "column": 37 },
            "end": { "line": 22, "column": 55 }
          }
        ],
        "line": 22
      },
      "2": {
        "loc": {
          "start": { "line": 34, "column": 12 },
          "end": { "line": 41, "column": 13 }
        },
        "type": "if",
        "locations": [
          {
            "start": { "line": 34, "column": 12 },
            "end": { "line": 41, "column": 13 }
          },
          {
            "start": { "line": 34, "column": 12 },
            "end": { "line": 41, "column": 13 }
          }
        ],
        "line": 34
      },
      "3": {
        "loc": {
          "start": { "line": 35, "column": 14 },
          "end": { "line": 35, "column": 58 }
        },
        "type": "if",
        "locations": [
          {
            "start": { "line": 35, "column": 14 },
            "end": { "line": 35, "column": 58 }
          },
          {
            "start": { "line": 35, "column": 14 },
            "end": { "line": 35, "column": 58 }
          }
        ],
        "line": 35
      },
      "4": {
        "loc": {
          "start": { "line": 37, "column": 14 },
          "end": { "line": 40, "column": 15 }
        },
        "type": "if",
        "locations": [
          {
            "start": { "line": 37, "column": 14 },
            "end": { "line": 40, "column": 15 }
          },
          {
            "start": { "line": 37, "column": 14 },
            "end": { "line": 40, "column": 15 }
          }
        ],
        "line": 37
      }
    },
    "s": {
      "0": 3,
      "1": 3,
      "2": 3,
      "3": 3,
      "4": 3,
      "5": 3,
      "6": 5,
      "7": 5,
      "8": 5,
      "9": 5,
      "10": 5,
      "11": 5,
      "12": 5,
      "13": 2,
      "14": 1,
      "15": 3,
      "16": 1,
      "17": 1,
      "18": 5,
      "19": 0
    },
    "f": { "0": 3, "1": 3, "2": 3, "3": 5 },
    "b": { "0": [0], "1": [3, 3], "2": [2, 3], "3": [1, 1], "4": [1, 2] },
    "_coverageSchema": "43e27e138ebf9cfc5966b082cf9a028302ed4184",
    "hash": "ea69d97f6ea1cb900533bb63ede83636bd420aa5"
  }
}
