{
  "/tmp/rollup-plugin-copy-assets-2/src/index.js": {
    "path": "/tmp/rollup-plugin-copy-assets-2/src/index.js",
    "statementMap": {
      "0": {
        "start": { "line": 13, "column": 21 },
        "end": { "line": 13, "column": 28 }
      },
      "1": {
        "start": { "line": 14, "column": 16 },
        "end": { "line": 14, "column": 18 }
      },
      "2": {
        "start": { "line": 15, "column": 2 },
        "end": { "line": 58, "column": 4 }
      },
      "3": {
        "start": { "line": 19, "column": 6 },
        "end": { "line": 25, "column": 7 }
      },
      "4": {
        "start": { "line": 20, "column": 8 },
        "end": { "line": 20, "column": 41 }
      },
      "5": {
        "start": { "line": 21, "column": 13 },
        "end": { "line": 25, "column": 7 }
      },
      "6": {
        "start": { "line": 22, "column": 8 },
        "end": { "line": 22, "column": 61 }
      },
      "7": {
        "start": { "line": 24, "column": 8 },
        "end": { "line": 24, "column": 38 }
      },
      "8": {
        "start": { "line": 28, "column": 30 },
        "end": { "line": 28, "column": 55 }
      },
      "9": {
        "start": { "line": 29, "column": 6 },
        "end": { "line": 56, "column": 8 }
      },
      "10": {
        "start": { "line": 31, "column": 10 },
        "end": { "line": 54, "column": 11 }
      },
      "11": {
        "start": { "line": 32, "column": 27 },
        "end": { "line": 32, "column": 75 }
      },
      "12": {
        "start": { "line": 33, "column": 40 },
        "end": { "line": 33, "column": 70 }
      },
      "13": {
        "start": { "line": 34, "column": 30 },
        "end": { "line": 37, "column": 13 }
      },
      "14": {
        "start": { "line": 38, "column": 32 },
        "end": { "line": 38, "column": 59 }
      },
      "15": {
        "start": { "line": 39, "column": 33 },
        "end": { "line": 39, "column": 60 }
      },
      "16": {
        "start": { "line": 40, "column": 12 },
        "end": { "line": 47, "column": 13 }
      },
      "17": {
        "start": { "line": 41, "column": 14 },
        "end": { "line": 41, "column": 58 }
      },
      "18": {
        "start": { "line": 41, "column": 32 },
        "end": { "line": 41, "column": 58 }
      },
      "19": {
        "start": { "line": 43, "column": 14 },
        "end": { "line": 46, "column": 15 }
      },
      "20": {
        "start": { "line": 44, "column": 16 },
        "end": { "line": 44, "column": 54 }
      },
      "21": {
        "start": { "line": 45, "column": 16 },
        "end": { "line": 45, "column": 40 }
      },
      "22": {
        "start": { "line": 48, "column": 12 },
        "end": { "line": 51, "column": 15 }
      },
      "23": {
        "start": { "line": 53, "column": 12 },
        "end": { "line": 53, "column": 75 }
      }
    },
    "fnMap": {
      "0": {
        "name": "copy",
        "decl": {
          "start": { "line": 12, "column": 24 },
          "end": { "line": 12, "column": 28 }
        },
        "loc": {
          "start": { "line": 12, "column": 55 },
          "end": { "line": 59, "column": 1 }
        },
        "line": 12
      },
      "1": {
        "name": "(anonymous_1)",
        "decl": {
          "start": { "line": 17, "column": 4 },
          "end": { "line": 17, "column": 5 }
        },
        "loc": {
          "start": { "line": 17, "column": 23 },
          "end": { "line": 26, "column": 5 }
        },
        "line": 17
      },
      "2": {
        "name": "(anonymous_2)",
        "decl": {
          "start": { "line": 27, "column": 4 },
          "end": { "line": 27, "column": 5 }
        },
        "loc": {
          "start": { "line": 27, "column": 40 },
          "end": { "line": 57, "column": 5 }
        },
        "line": 27
      },
      "3": {
        "name": "(anonymous_3)",
        "decl": {
          "start": { "line": 30, "column": 19 },
          "end": { "line": 30, "column": 20 }
        },
        "loc": {
          "start": { "line": 30, "column": 34 },
          "end": { "line": 55, "column": 9 }
        },
        "line": 30
      }
    },
    "branchMap": {
      "0": {
        "loc": {
          "start": { "line": 12, "column": 29 },
          "end": { "line": 12, "column": 53 }
        },
        "type": "default-arg",
        "locations": [
          {
            "start": { "line": 12, "column": 39 },
            "end": { "line": 12, "column": 53 }
          }
        ],
        "line": 12
      },
      "1": {
        "loc": {
          "start": { "line": 19, "column": 6 },
          "end": { "line": 25, "column": 7 }
        },
        "type": "if",
        "locations": [
          {
            "start": { "line": 19, "column": 6 },
            "end": { "line": 25, "column": 7 }
          },
          {
            "start": { "line": 19, "column": 6 },
            "end": { "line": 25, "column": 7 }
          }
        ],
        "line": 19
      },
      "2": {
        "loc": {
          "start": { "line": 21, "column": 13 },
          "end": { "line": 25, "column": 7 }
        },
        "type": "if",
        "locations": [
          {
            "start": { "line": 21, "column": 13 },
            "end": { "line": 25, "column": 7 }
          },
          {
            "start": { "line": 21, "column": 13 },
            "end": { "line": 25, "column": 7 }
          }
        ],
        "line": 21
      },
      "3": {
        "loc": {
          "start": { "line": 28, "column": 30 },
          "end": { "line": 28, "column": 55 }
        },
        "type": "binary-expr",
        "locations": [
          {
            "start": { "line": 28, "column": 30 },
            "end": { "line": 28, "column": 33 }
          },
          {
            "start": { "line": 28, "column": 37 },
            "end": { "line": 28, "column": 55 }
          }
        ],
        "line": 28
      },
      "4": {
        "loc": {
          "start": { "line": 40, "column": 12 },
          "end": { "line": 47, "column": 13 }
        },
        "type": "if",
        "locations": [
          {
            "start": { "line": 40, "column": 12 },
            "end": { "line": 47, "column": 13 }
          },
          {
            "start": { "line": 40, "column": 12 },
            "end": { "line": 47, "column": 13 }
          }
        ],
        "line": 40
      },
      "5": {
        "loc": {
          "start": { "line": 41, "column": 14 },
          "end": { "line": 41, "column": 58 }
        },
        "type": "if",
        "locations": [
          {
            "start": { "line": 41, "column": 14 },
            "end": { "line": 41, "column": 58 }
          },
          {
            "start": { "line": 41, "column": 14 },
            "end": { "line": 41, "column": 58 }
          }
        ],
        "line": 41
      },
      "6": {
        "loc": {
          "start": { "line": 43, "column": 14 },
          "end": { "line": 46, "column": 15 }
        },
        "type": "if",
        "locations": [
          {
            "start": { "line": 43, "column": 14 },
            "end": { "line": 46, "column": 15 }
          },
          {
            "start": { "line": 43, "column": 14 },
            "end": { "line": 46, "column": 15 }
          }
        ],
        "line": 43
      }
    },
    "s": {
      "0": 5,
      "1": 5,
      "2": 5,
      "3": 5,
      "4": 1,
      "5": 4,
      "6": 1,
      "7": 3,
      "8": 5,
      "9": 5,
      "10": 7,
      "11": 7,
      "12": 7,
      "13": 7,
      "14": 7,
      "15": 7,
      "16": 7,
      "17": 2,
      "18": 1,
      "19": 5,
      "20": 1,
      "21": 1,
      "22": 7,
      "23": 0
    },
    "f": { "0": 5, "1": 5, "2": 5, "3": 7 },
    "b": {
      "0": [0],
      "1": [1, 4],
      "2": [1, 3],
      "3": [5, 3],
      "4": [2, 5],
      "5": [1, 1],
      "6": [1, 4]
    },
    "_coverageSchema": "43e27e138ebf9cfc5966b082cf9a028302ed4184",
    "hash": "3aef7f2173146641ac00f2323fc34e2d7b721eb4"
  }
}
