TN:
SF:/Users/matthewbengston/source/repos/rollup-plugin-copy-assets/src/index.js
FN:12,copy
FN:17,(anonymous_1)
FN:25,(anonymous_2)
FN:28,(anonymous_3)
FNF:4
FNH:4
FNDA:4,copy
FNDA:4,(anonymous_1)
FNDA:4,(anonymous_2)
FNDA:6,(anonymous_3)
DA:13,4
DA:14,4
DA:15,4
DA:19,4
DA:20,1
DA:22,3
DA:26,4
DA:27,4
DA:29,6
DA:30,6
DA:31,6
DA:32,6
DA:36,6
DA:37,6
DA:38,6
DA:39,2
DA:41,4
DA:42,1
DA:43,1
DA:46,6
DA:51,0
LF:21
LH:20
BRDA:12,0,0,0
BRDA:19,1,0,1
BRDA:19,1,1,3
BRDA:26,2,0,4
BRDA:26,2,1,3
BRDA:38,3,0,2
BRDA:38,3,1,4
BRDA:39,4,0,1
BRDA:39,4,1,1
BRDA:41,5,0,1
BRDA:41,5,1,3
BRF:11
BRH:10
end_of_record
