TN:
SF:/Users/matthewbengston/source/repos/rollup-plugin-copy-assets/src/index.js
FN:12,copy
FN:17,(anonymous_1)
FN:21,(anonymous_2)
FN:24,(anonymous_3)
FNF:4
FNH:4
FNDA:3,copy
FNDA:3,(anonymous_1)
FNDA:3,(anonymous_2)
FNDA:5,(anonymous_3)
DA:13,3
DA:14,3
DA:15,3
DA:19,3
DA:22,3
DA:23,3
DA:25,5
DA:26,5
DA:27,5
DA:28,5
DA:32,5
DA:33,5
DA:34,5
DA:35,2
DA:37,3
DA:38,1
DA:39,1
DA:42,5
DA:47,0
LF:19
LH:18
BRDA:12,0,0,0
BRDA:22,1,0,3
BRDA:22,1,1,3
BRDA:34,2,0,2
BRDA:34,2,1,3
BRDA:35,3,0,1
BRDA:35,3,1,1
BRDA:37,4,0,1
BRDA:37,4,1,2
BRF:9
BRH:8
end_of_record
